Build started 5/30/2019 10:14:18 PM.
     1>Project "C:\PDF2Bmp\Src\PDFToBmp\PDFToBmp.vcxproj" on node 2 (build target(s)).
     1>InitializeBuildStatus:
         Touching "Release\PDFToBmp.unsuccessfulbuild".
       ClCompile:
         C:\Program Files\Microsoft Visual Studio 10.0\VC\bin\CL.exe /c /Zi /nologo /W3 /WX- /O2 /Oi /Oy- /GL /D WIN32 /D _WINDOWS /D NDEBUG /D _UNICODE /D UNICODE /Gm- /EHsc /MT /GS /Gy /fp:precise /Zc:wchar_t /Zc:forScope /Yc"StdAfx.h" /Fp"Release\PDFToBmp.pch" /Fo"Release\\" /Fd"Release\vc100.pdb" /Gd /TP /analyze- /errorReport:prompt stdafx.cpp
         stdafx.cpp
     1>C:\Program Files\Microsoft Visual Studio 10.0\VC\atlmfc\include\afxwin2.inl(1153): error C2039: 'Enable3dControls' : is not a member of 'CWinApp'
                 C:\Program Files\Microsoft Visual Studio 10.0\VC\atlmfc\include\afxwin.h(5289) : see declaration of 'CWinApp'
     1>C:\Program Files\Microsoft Visual Studio 10.0\VC\atlmfc\include\afxwin2.inl(1156): error C2039: 'Enable3dControlsStatic' : is not a member of 'CWinApp'
                 C:\Program Files\Microsoft Visual Studio 10.0\VC\atlmfc\include\afxwin.h(5289) : see declaration of 'CWinApp'
     1>Done Building Project "C:\PDF2Bmp\Src\PDFToBmp\PDFToBmp.vcxproj" (build target(s)) -- FAILED.

Build FAILED.

Time Elapsed 00:00:01.81
